2021-03-17 21:14:20.475 [main] INFO  calculator.Calculator - [SQ ROOT] - 3.0
2021-03-17 21:14:20.481 [main] INFO  calculator.Calculator - [RESULT - SQ ROOT] - 1.7320508075688772
2021-03-17 21:14:20.481 [main] INFO  calculator.Calculator - [SQ ROOT] - 4.0
2021-03-17 21:14:20.482 [main] INFO  calculator.Calculator - [RESULT - SQ ROOT] - 2.0
2021-03-17 21:14:20.483 [main] INFO  calculator.Calculator - [NATURAL LOG] - 1.0
2021-03-17 21:14:20.483 [main] INFO  calculator.Calculator - [RESULT - NATURAL LOG] - 0.0
2021-03-17 21:14:20.484 [main] INFO  calculator.Calculator - [NATURAL LOG] - 1.0
2021-03-17 21:14:20.484 [main] INFO  calculator.Calculator - [RESULT - NATURAL LOG] - 0.0
2021-03-17 21:14:20.486 [main] INFO  calculator.Calculator - [POWER - 2.0 RAISED TO] 2.0
2021-03-17 21:14:20.486 [main] INFO  calculator.Calculator - [RESULT - POWER] - 4.0
2021-03-17 21:14:20.487 [main] INFO  calculator.Calculator - [POWER - 2.0 RAISED TO] 3.0
2021-03-17 21:14:20.487 [main] INFO  calculator.Calculator - [RESULT - POWER] - 8.0
2021-03-17 21:14:20.488 [main] INFO  calculator.Calculator - [POWER - 2.0 RAISED TO] 3.0
2021-03-17 21:14:20.488 [main] INFO  calculator.Calculator - [RESULT - POWER] - 8.0
2021-03-17 21:14:20.489 [main] INFO  calculator.Calculator - [POWER - 4.0 RAISED TO] 3.0
2021-03-17 21:14:20.489 [main] INFO  calculator.Calculator - [RESULT - POWER] - 64.0
2021-03-17 21:14:20.490 [main] INFO  calculator.Calculator - [NATURAL LOG] - 2.4
2021-03-17 21:14:20.490 [main] INFO  calculator.Calculator - [RESULT - NATURAL LOG] - 0.8754687373538999
2021-03-17 21:14:20.491 [main] INFO  calculator.Calculator - [NATURAL LOG] - 2.1
2021-03-17 21:14:20.491 [main] INFO  calculator.Calculator - [RESULT - NATURAL LOG] - 0.7419373447293773
2021-03-17 21:14:20.492 [main] INFO  calculator.Calculator - [SQ ROOT] - 4.0
2021-03-17 21:14:20.493 [main] INFO  calculator.Calculator - [RESULT - SQ ROOT] - 2.0
2021-03-17 21:14:20.493 [main] INFO  calculator.Calculator - [SQ ROOT] - 1.0
2021-03-17 21:14:20.493 [main] INFO  calculator.Calculator - [RESULT - SQ ROOT] - 1.0
2021-03-17 21:15:20.881 [main] INFO  calculator.Calculator - [SQ ROOT] - 3.0
2021-03-17 21:15:20.926 [main] INFO  calculator.Calculator - [RESULT - SQ ROOT] - 1.7320508075688772
2021-03-17 21:15:20.927 [main] INFO  calculator.Calculator - [SQ ROOT] - 4.0
2021-03-17 21:15:20.927 [main] INFO  calculator.Calculator - [RESULT - SQ ROOT] - 2.0
2021-03-17 21:15:20.928 [main] INFO  calculator.Calculator - [NATURAL LOG] - 1.0
2021-03-17 21:15:20.928 [main] INFO  calculator.Calculator - [RESULT - NATURAL LOG] - 0.0
2021-03-17 21:15:20.929 [main] INFO  calculator.Calculator - [NATURAL LOG] - 1.0
2021-03-17 21:15:20.929 [main] INFO  calculator.Calculator - [RESULT - NATURAL LOG] - 0.0
2021-03-17 21:15:20.930 [main] INFO  calculator.Calculator - [POWER - 2.0 RAISED TO] 2.0
2021-03-17 21:15:20.931 [main] INFO  calculator.Calculator - [RESULT - POWER] - 4.0
2021-03-17 21:15:20.931 [main] INFO  calculator.Calculator - [POWER - 2.0 RAISED TO] 3.0
2021-03-17 21:15:20.932 [main] INFO  calculator.Calculator - [RESULT - POWER] - 8.0
2021-03-17 21:15:20.932 [main] INFO  calculator.Calculator - [POWER - 2.0 RAISED TO] 3.0
2021-03-17 21:15:20.933 [main] INFO  calculator.Calculator - [RESULT - POWER] - 8.0
2021-03-17 21:15:20.933 [main] INFO  calculator.Calculator - [POWER - 4.0 RAISED TO] 3.0
2021-03-17 21:15:20.933 [main] INFO  calculator.Calculator - [RESULT - POWER] - 64.0
2021-03-17 21:15:20.934 [main] INFO  calculator.Calculator - [NATURAL LOG] - 2.4
2021-03-17 21:15:20.935 [main] INFO  calculator.Calculator - [RESULT - NATURAL LOG] - 0.8754687373538999
2021-03-17 21:15:20.935 [main] INFO  calculator.Calculator - [NATURAL LOG] - 2.1
2021-03-17 21:15:20.935 [main] INFO  calculator.Calculator - [RESULT - NATURAL LOG] - 0.7419373447293773
2021-03-17 21:15:20.936 [main] INFO  calculator.Calculator - [SQ ROOT] - 4.0
2021-03-17 21:15:20.937 [main] INFO  calculator.Calculator - [RESULT - SQ ROOT] - 2.0
2021-03-17 21:15:20.937 [main] INFO  calculator.Calculator - [SQ ROOT] - 1.0
2021-03-17 21:15:20.938 [main] INFO  calculator.Calculator - [RESULT - SQ ROOT] - 1.0
